<?xml version="1.0" encoding="UTF-8"?>
<testng-results ignored="0" total="1" passed="1" failed="0" skipped="0">
  <reporter-output>
  </reporter-output>
  <suite started-at="2024-02-19T20:28:41 IST" name="Default suite" finished-at="2024-02-19T20:28:58 IST" duration-ms="17480">
    <groups>
    </groups>
    <test started-at="2024-02-19T20:28:41 IST" name="Default test" finished-at="2024-02-19T20:28:58 IST" duration-ms="17480">
      <class name="com.orangeHRM.testcases.LoginTest">
        <test-method is-config="true" signature="browserSetUp()[pri:0, instance:com.orangeHRM.testcases.LoginTest@45099dd3]" started-at="2024-02-19T20:28:41 IST" name="browserSetUp" finished-at="2024-02-19T20:28:53 IST" duration-ms="12844" status="PASS">
          <reporter-output>
          </reporter-output>
        </test-method> <!-- browserSetUp -->
        <test-method signature="validUserPass()[pri:0, instance:com.orangeHRM.testcases.LoginTest@45099dd3]" started-at="2024-02-19T20:28:53 IST" name="validUserPass" finished-at="2024-02-19T20:28:58 IST" duration-ms="4235" status="PASS">
          <reporter-output>
          </reporter-output>
        </test-method> <!-- validUserPass -->
        <test-method is-config="true" signature="browserClose()[pri:0, instance:com.orangeHRM.testcases.LoginTest@45099dd3]" started-at="2024-02-19T20:28:58 IST" name="browserClose" finished-at="2024-02-19T20:28:58 IST" duration-ms="350" status="PASS">
          <reporter-output>
          </reporter-output>
        </test-method> <!-- browserClose -->
      </class> <!-- com.orangeHRM.testcases.LoginTest -->
    </test> <!-- Default test -->
  </suite> <!-- Default suite -->
</testng-results>
